<?xml version="1.0" encoding="UTF-8"?>
<coverage generated="1782823625590" clover="3.2.0">
  <project timestamp="1782823625590" name="All files">
    <metrics statements="22" coveredstatements="19" conditionals="12" coveredconditionals="7" methods="4" coveredmethods="4" elements="38" coveredelements="30" complexity="0" loc="22" ncloc="22" packages="1" files="1" classes="1"/>
    <file name="Signup.jsx" path="C:\Users\Dipali.Biradar\Login_application\Login_application\frontend\src\pages\Signup.jsx">
      <metrics statements="22" coveredstatements="19" conditionals="12" coveredconditionals="7" methods="4" coveredmethods="4"/>
      <line num="12" count="18" type="stmt"/>
      <line num="21" count="18" type="stmt"/>
      <line num="22" count="18" type="stmt"/>
      <line num="24" count="18" type="stmt"/>
      <line num="25" count="9" type="stmt"/>
      <line num="31" count="18" type="stmt"/>
      <line num="32" count="2" type="stmt"/>
      <line num="34" count="2" type="stmt"/>
      <line num="35" count="2" type="stmt"/>
      <line num="37" count="2" type="cond" truecount="2" falsecount="0"/>
      <line num="38" count="1" type="stmt"/>
      <line num="39" count="1" type="stmt"/>
      <line num="42" count="1" type="stmt"/>
      <line num="43" count="1" type="stmt"/>
      <line num="45" count="1" type="cond" truecount="1" falsecount="1"/>
      <line num="46" count="1" type="stmt"/>
      <line num="50" count="1" type="stmt"/>
      <line num="59" count="0" type="stmt"/>
      <line num="64" count="0" type="stmt"/>
      <line num="66" count="0" type="stmt"/>
      <line num="73" count="18" type="stmt"/>
      <line num="138" count="2" type="stmt"/>
    </file>
  </project>
</coverage>
