{"C:\\Users\\Dipali.Biradar\\Login_application\\Login_application\\frontend\\src\\pages\\Signup.jsx": {"path":"C:\\Users\\Dipali.Biradar\\Login_application\\Login_application\\frontend\\src\\pages\\Signup.jsx","statementMap":{"0":{"start":{"line":12,"column":34},"end":{"line":19,"column":4}},"1":{"start":{"line":21,"column":32},"end":{"line":21,"column":44}},"2":{"start":{"line":22,"column":28},"end":{"line":22,"column":40}},"3":{"start":{"line":24,"column":23},"end":{"line":29,"column":3}},"4":{"start":{"line":25,"column":4},"end":{"line":28,"column":7}},"5":{"start":{"line":31,"column":23},"end":{"line":71,"column":3}},"6":{"start":{"line":32,"column":4},"end":{"line":32,"column":23}},"7":{"start":{"line":34,"column":4},"end":{"line":34,"column":19}},"8":{"start":{"line":35,"column":4},"end":{"line":35,"column":17}},"9":{"start":{"line":37,"column":4},"end":{"line":40,"column":5}},"10":{"start":{"line":38,"column":6},"end":{"line":38,"column":53}},"11":{"start":{"line":39,"column":6},"end":{"line":39,"column":13}},"12":{"start":{"line":42,"column":4},"end":{"line":70,"column":5}},"13":{"start":{"line":43,"column":18},"end":{"line":43,"column":46}},"14":{"start":{"line":45,"column":6},"end":{"line":62,"column":7}},"15":{"start":{"line":46,"column":8},"end":{"line":48,"column":10}},"16":{"start":{"line":50,"column":8},"end":{"line":57,"column":11}},"17":{"start":{"line":59,"column":8},"end":{"line":61,"column":10}},"18":{"start":{"line":64,"column":6},"end":{"line":64,"column":25}},"19":{"start":{"line":66,"column":6},"end":{"line":69,"column":8}},"20":{"start":{"line":73,"column":2},"end":{"line":169,"column":4}},"21":{"start":{"line":138,"column":14},"end":{"line":141,"column":16}}},"fnMap":{"0":{"name":"Signup","decl":{"start":{"line":11,"column":9},"end":{"line":11,"column":15}},"loc":{"start":{"line":11,"column":18},"end":{"line":170,"column":1}},"line":11},"1":{"name":"(anonymous_1)","decl":{"start":{"line":24,"column":23},"end":{"line":24,"column":24}},"loc":{"start":{"line":24,"column":30},"end":{"line":29,"column":3}},"line":24},"2":{"name":"(anonymous_2)","decl":{"start":{"line":31,"column":23},"end":{"line":31,"column":24}},"loc":{"start":{"line":31,"column":36},"end":{"line":71,"column":3}},"line":31},"3":{"name":"(anonymous_3)","decl":{"start":{"line":137,"column":22},"end":{"line":137,"column":23}},"loc":{"start":{"line":138,"column":14},"end":{"line":141,"column":16}},"line":138}},"branchMap":{"0":{"loc":{"start":{"line":37,"column":4},"end":{"line":40,"column":5}},"type":"if","locations":[{"start":{"line":37,"column":4},"end":{"line":40,"column":5}},{"start":{},"end":{}}],"line":37},"1":{"loc":{"start":{"line":45,"column":6},"end":{"line":62,"column":7}},"type":"if","locations":[{"start":{"line":45,"column":6},"end":{"line":62,"column":7}},{"start":{"line":58,"column":13},"end":{"line":62,"column":7}}],"line":45},"2":{"loc":{"start":{"line":60,"column":10},"end":{"line":60,"column":51}},"type":"binary-expr","locations":[{"start":{"line":60,"column":10},"end":{"line":60,"column":26}},{"start":{"line":60,"column":30},"end":{"line":60,"column":51}}],"line":60},"3":{"loc":{"start":{"line":67,"column":8},"end":{"line":68,"column":31}},"type":"binary-expr","locations":[{"start":{"line":67,"column":8},"end":{"line":67,"column":36}},{"start":{"line":68,"column":10},"end":{"line":68,"column":31}}],"line":67},"4":{"loc":{"start":{"line":80,"column":9},"end":{"line":84,"column":9}},"type":"binary-expr","locations":[{"start":{"line":80,"column":9},"end":{"line":80,"column":16}},{"start":{"line":81,"column":10},"end":{"line":83,"column":14}}],"line":80},"5":{"loc":{"start":{"line":86,"column":9},"end":{"line":90,"column":9}},"type":"binary-expr","locations":[{"start":{"line":86,"column":9},"end":{"line":86,"column":14}},{"start":{"line":87,"column":10},"end":{"line":89,"column":14}}],"line":86}},"s":{"0":18,"1":18,"2":18,"3":18,"4":9,"5":18,"6":2,"7":2,"8":2,"9":2,"10":1,"11":1,"12":1,"13":1,"14":1,"15":1,"16":1,"17":0,"18":0,"19":0,"20":18,"21":2},"f":{"0":18,"1":9,"2":2,"3":2},"b":{"0":[1,1],"1":[1,0],"2":[0,0],"3":[0,0],"4":[18,1],"5":[18,1]},"_coverageSchema":"1a1c01bbd47fc00a2c39e90264f33305004495a9","hash":"5ea22caf068762a3371c958e89ae516833d8b73d"}
}
