TN:
SF:src\pages\Signup.jsx
FN:11,Signup
FN:24,(anonymous_1)
FN:31,(anonymous_2)
FN:137,(anonymous_3)
FNF:4
FNH:4
FNDA:18,Signup
FNDA:9,(anonymous_1)
FNDA:2,(anonymous_2)
FNDA:2,(anonymous_3)
DA:12,18
DA:21,18
DA:22,18
DA:24,18
DA:25,9
DA:31,18
DA:32,2
DA:34,2
DA:35,2
DA:37,2
DA:38,1
DA:39,1
DA:42,1
DA:43,1
DA:45,1
DA:46,1
DA:50,1
DA:59,0
DA:64,0
DA:66,0
DA:73,18
DA:138,2
LF:22
LH:19
BRDA:37,0,0,1
BRDA:37,0,1,1
BRDA:45,1,0,1
BRDA:45,1,1,0
BRDA:60,2,0,0
BRDA:60,2,1,0
BRDA:67,3,0,0
BRDA:67,3,1,0
BRDA:80,4,0,18
BRDA:80,4,1,1
BRDA:86,5,0,18
BRDA:86,5,1,1
BRF:12
BRH:7
end_of_record
